<?xml version="1.0" encoding="UTF-8"?>
<!-- Generated by org.testng.reporters.JUnitReportReporter -->
<testsuite hostname="human-PC" name="com.appium_multi_dev_test.MultDemo" tests="2" failures="0" timestamp="24 Oct 2016 13:19:18 GMT" time="11.414" errors="0">
  <testcase name="add" time="4.445" classname="com.appium_multi_dev_test.MultDemo"/>
  <testcase name="add" time="6.969" classname="com.appium_multi_dev_test.MultDemo"/>
</testsuite> <!-- com.appium_multi_dev_test.MultDemo -->
