<?xml version="1.0" encoding="UTF-8"?>
<!-- Generated by org.testng.reporters.JUnitReportReporter -->
<testsuite hostname="human-PC" name="appiumtest.MultDemo" tests="2" failures="0" timestamp="22 Oct 2016 02:44:40 GMT" time="11.244" errors="0">
  <testcase name="add" time="6.246" classname="appiumtest.MultDemo"/>
  <testcase name="add" time="4.998" classname="appiumtest.MultDemo"/>
</testsuite> <!-- appiumtest.MultDemo -->
