<?xml version="1.0" encoding="UTF-8"?>
<!-- Generated by org.testng.reporters.JUnitReportReporter -->
<testsuite hostname="d1-wenbing-zhu" name="appiumtest.MultDemo" tests="2" failures="0" timestamp="30 Aug 2016 11:42:10 GMT" time="16.557" errors="0">
  <testcase name="add" time="12.349" classname="appiumtest.MultDemo"/>
  <testcase name="add" time="4.208" classname="appiumtest.MultDemo"/>
</testsuite> <!-- appiumtest.MultDemo -->
