<?xml version="1.0" encoding="UTF-8"?>
<!-- Generated by org.testng.reporters.JUnitReportReporter -->
<testsuite hostname="human-PC" name="appiumtest.MultDemo" tests="2" failures="0" timestamp="31 Aug 2016 13:27:23 GMT" time="11.630" errors="0">
  <testcase name="add" time="5.194" classname="appiumtest.MultDemo"/>
  <testcase name="add" time="6.436" classname="appiumtest.MultDemo"/>
</testsuite> <!-- appiumtest.MultDemo -->
