<?xml version="1.0" encoding="UTF-8"?>
<!-- Generated by org.testng.reporters.JUnitReportReporter -->
<testsuite hostname="human-PC" name="appiumtest.MultDemo" tests="2" failures="0" timestamp="11 Sep 2016 04:01:26 GMT" time="16.110" errors="0">
  <testcase name="add" time="6.174" classname="appiumtest.MultDemo"/>
  <testcase name="add" time="9.936" classname="appiumtest.MultDemo"/>
</testsuite> <!-- appiumtest.MultDemo -->
